2024-05-01 21:59:21,320 - INFO - encoder= {'node_hidden_sizes': [32], 'node_feature_dim': 1, 'edge_hidden_sizes': [16]}
2024-05-01 21:59:21,320 - INFO - aggregator= {'node_hidden_sizes': [128], 'graph_transform_sizes': [128], 'input_size': [32], 'gated': True, 'aggregation_type': 'sum'}
2024-05-01 21:59:21,320 - INFO - graph_embedding_net= {'node_state_dim': 32, 'edge_state_dim': 16, 'edge_hidden_sizes': [64, 64], 'node_hidden_sizes': [64], 'n_prop_layers': 5, 'share_prop_params': True, 'edge_net_init_scale': 0.1, 'node_update_type': 'gru', 'use_reverse_direction': True, 'reverse_dir_param_different': False, 'layer_norm': False, 'prop_type': 'matching'}
2024-05-01 21:59:21,320 - INFO - graph_matching_net= {'node_state_dim': 32, 'edge_state_dim': 16, 'edge_hidden_sizes': [64, 64], 'node_hidden_sizes': [64], 'n_prop_layers': 5, 'share_prop_params': True, 'edge_net_init_scale': 0.1, 'node_update_type': 'gru', 'use_reverse_direction': True, 'reverse_dir_param_different': False, 'layer_norm': False, 'prop_type': 'matching', 'similarity': 'dotproduct'}
2024-05-01 21:59:21,320 - INFO - model_type= matching
2024-05-01 21:59:21,320 - INFO - data= {'problem': 'graph_edit_distance', 'dataset_params': {'n_nodes_range': [20, 20], 'p_edge_range': [0.2, 0.2], 'n_changes_positive': 1, 'n_changes_negative': 2, 'validation_dataset_size': 1000}}
2024-05-01 21:59:21,320 - INFO - training= {'batch_size': 20, 'learning_rate': 0.0001, 'mode': 'pair', 'loss': 'margin', 'margin': 1.0, 'graph_vec_regularizer_weight': 1e-06, 'clip_value': 10.0, 'n_training_steps': 500000, 'print_after': 100, 'eval_after': 10}
2024-05-01 21:59:21,320 - INFO - evaluation= {'batch_size': 20}
2024-05-01 21:59:21,320 - INFO - seed= 8
2024-05-01 21:59:29,848 - INFO - iter 100, loss 0.9829, sim_pos -0.0472, sim_neg -0.0814, sim_diff 0.0342, time 8.52s
2024-05-01 21:59:38,293 - INFO - iter 200, loss 1.0410, sim_pos -0.7095, sim_neg -0.7616, sim_diff 0.0521, time 8.44s
2024-05-01 21:59:46,798 - INFO - iter 300, loss 0.8686, sim_pos -0.4044, sim_neg -0.7918, sim_diff 0.3874, time 8.51s
2024-05-01 21:59:55,231 - INFO - iter 400, loss 0.9073, sim_pos -0.4835, sim_neg -0.8658, sim_diff 0.3823, time 8.43s
2024-05-01 22:00:03,680 - INFO - iter 500, loss 0.7840, sim_pos -0.5659, sim_neg -1.0622, sim_diff 0.4963, time 8.45s
2024-05-01 22:00:12,109 - INFO - iter 600, loss 0.7611, sim_pos -0.7875, sim_neg -1.4243, sim_diff 0.6368, time 8.43s
2024-05-01 22:00:20,452 - INFO - iter 700, loss 0.8576, sim_pos -0.7521, sim_neg -1.3641, sim_diff 0.6119, time 8.34s
2024-05-01 22:00:28,878 - INFO - iter 800, loss 0.7973, sim_pos -0.7899, sim_neg -1.5666, sim_diff 0.7767, time 8.43s
2024-05-01 22:00:37,284 - INFO - iter 900, loss 0.8699, sim_pos -0.4859, sim_neg -1.0919, sim_diff 0.6060, time 8.41s
2024-05-01 22:00:47,813 - INFO - iter 1000, loss 0.9698, sim_pos -0.9428, sim_neg -1.1748, sim_diff 0.2320, val/pair_auc 0.6882, val/triplet_acc 0.6710, time 10.53s
2024-05-01 22:00:56,323 - INFO - iter 1100, loss 0.8423, sim_pos -0.7696, sim_neg -1.2203, sim_diff 0.4506, time 8.51s
2024-05-01 22:01:04,808 - INFO - iter 1200, loss 0.6702, sim_pos -0.3920, sim_neg -1.4230, sim_diff 1.0310, time 8.48s
2024-05-01 22:01:13,234 - INFO - iter 1300, loss 1.0627, sim_pos -0.7202, sim_neg -0.5948, sim_diff -0.1255, time 8.43s
2024-05-01 22:01:21,708 - INFO - iter 1400, loss 0.8576, sim_pos -0.6209, sim_neg -0.9199, sim_diff 0.2989, time 8.47s
2024-05-01 22:01:30,265 - INFO - iter 1500, loss 0.6274, sim_pos -0.5650, sim_neg -1.4421, sim_diff 0.8771, time 8.56s
2024-05-01 22:01:38,795 - INFO - iter 1600, loss 0.8039, sim_pos -0.6207, sim_neg -1.1855, sim_diff 0.5647, time 8.53s
2024-05-01 22:01:47,603 - INFO - iter 1700, loss 0.7597, sim_pos -0.7528, sim_neg -1.5028, sim_diff 0.7500, time 8.81s
2024-05-01 22:01:56,530 - INFO - iter 1800, loss 0.7672, sim_pos -0.8214, sim_neg -1.8397, sim_diff 1.0183, time 8.93s
2024-05-01 22:02:05,615 - INFO - iter 1900, loss 0.5999, sim_pos -0.6194, sim_neg -1.9794, sim_diff 1.3600, time 9.08s
2024-05-01 22:02:15,740 - INFO - iter 2000, loss 0.8332, sim_pos -0.7688, sim_neg -1.4748, sim_diff 0.7060, val/pair_auc 0.7068, val/triplet_acc 0.7170, time 10.13s
2024-05-01 22:02:24,232 - INFO - iter 2100, loss 0.7848, sim_pos -0.7464, sim_neg -1.3177, sim_diff 0.5713, time 8.49s
2024-05-01 22:02:32,936 - INFO - iter 2200, loss 0.6601, sim_pos -0.6122, sim_neg -1.5387, sim_diff 0.9265, time 8.70s
2024-05-01 22:02:41,442 - INFO - iter 2300, loss 0.8424, sim_pos -1.0132, sim_neg -1.6886, sim_diff 0.6754, time 8.51s
2024-05-01 22:02:50,027 - INFO - iter 2400, loss 0.7517, sim_pos -0.7176, sim_neg -1.3687, sim_diff 0.6511, time 8.58s
2024-05-01 22:02:58,637 - INFO - iter 2500, loss 0.7665, sim_pos -0.8555, sim_neg -1.7489, sim_diff 0.8935, time 8.61s
2024-05-01 22:03:07,093 - INFO - iter 2600, loss 0.9140, sim_pos -0.9393, sim_neg -1.2516, sim_diff 0.3122, time 8.45s
2024-05-01 22:03:15,625 - INFO - iter 2700, loss 0.7074, sim_pos -0.6837, sim_neg -1.3152, sim_diff 0.6315, time 8.53s
2024-05-01 22:03:24,128 - INFO - iter 2800, loss 0.7556, sim_pos -0.6159, sim_neg -1.2386, sim_diff 0.6228, time 8.50s
2024-05-01 22:03:32,607 - INFO - iter 2900, loss 0.7260, sim_pos -0.7001, sim_neg -1.4795, sim_diff 0.7794, time 8.48s
2024-05-01 22:03:42,682 - INFO - iter 3000, loss 0.7027, sim_pos -0.7184, sim_neg -1.5883, sim_diff 0.8699, val/pair_auc 0.7388, val/triplet_acc 0.7440, time 10.07s
2024-05-01 22:03:51,260 - INFO - iter 3100, loss 0.7449, sim_pos -0.8162, sim_neg -1.5904, sim_diff 0.7742, time 8.58s
2024-05-01 22:03:59,821 - INFO - iter 3200, loss 0.7305, sim_pos -0.6708, sim_neg -1.3291, sim_diff 0.6583, time 8.56s
2024-05-01 22:04:08,242 - INFO - iter 3300, loss 0.5880, sim_pos -0.7034, sim_neg -1.7222, sim_diff 1.0188, time 8.42s
2024-05-01 22:04:16,742 - INFO - iter 3400, loss 0.7606, sim_pos -0.8427, sim_neg -1.4131, sim_diff 0.5704, time 8.50s
2024-05-01 22:04:25,212 - INFO - iter 3500, loss 0.8128, sim_pos -0.9713, sim_neg -1.5762, sim_diff 0.6048, time 8.47s
2024-05-01 22:04:33,788 - INFO - iter 3600, loss 0.7199, sim_pos -0.7024, sim_neg -1.3683, sim_diff 0.6659, time 8.58s
2024-05-01 22:04:42,265 - INFO - iter 3700, loss 0.8797, sim_pos -0.8874, sim_neg -1.2862, sim_diff 0.3988, time 8.48s
2024-05-01 22:04:50,797 - INFO - iter 3800, loss 0.6309, sim_pos -0.7163, sim_neg -1.5936, sim_diff 0.8774, time 8.53s
2024-05-01 22:04:59,350 - INFO - iter 3900, loss 0.5336, sim_pos -0.8552, sim_neg -2.0498, sim_diff 1.1946, time 8.55s
2024-05-01 22:05:09,539 - INFO - iter 4000, loss 0.5630, sim_pos -0.7645, sim_neg -1.7594, sim_diff 0.9949, val/pair_auc 0.7604, val/triplet_acc 0.7430, time 10.19s
2024-05-01 22:05:18,130 - INFO - iter 4100, loss 0.8812, sim_pos -0.7265, sim_neg -1.1176, sim_diff 0.3911, time 8.59s
2024-05-01 22:05:26,569 - INFO - iter 4200, loss 0.6383, sim_pos -0.5530, sim_neg -1.2765, sim_diff 0.7235, time 8.44s
2024-05-01 22:05:34,914 - INFO - iter 4300, loss 0.6777, sim_pos -0.7324, sim_neg -1.5426, sim_diff 0.8102, time 8.34s
2024-05-01 22:05:43,430 - INFO - iter 4400, loss 0.8859, sim_pos -0.9521, sim_neg -1.1803, sim_diff 0.2283, time 8.52s
2024-05-01 22:05:51,971 - INFO - iter 4500, loss 0.8581, sim_pos -0.7798, sim_neg -1.3058, sim_diff 0.5260, time 8.54s
2024-05-01 22:06:00,514 - INFO - iter 4600, loss 0.7335, sim_pos -0.9022, sim_neg -1.5364, sim_diff 0.6342, time 8.54s
2024-05-01 22:06:09,102 - INFO - iter 4700, loss 0.6146, sim_pos -0.6897, sim_neg -1.7137, sim_diff 1.0241, time 8.59s
2024-05-01 22:06:17,629 - INFO - iter 4800, loss 0.7011, sim_pos -0.9457, sim_neg -1.8471, sim_diff 0.9014, time 8.53s
2024-05-01 22:06:26,141 - INFO - iter 4900, loss 0.8195, sim_pos -0.9027, sim_neg -1.3111, sim_diff 0.4084, time 8.51s
2024-05-01 22:06:36,128 - INFO - iter 5000, loss 0.6468, sim_pos -0.7995, sim_neg -1.5804, sim_diff 0.7809, val/pair_auc 0.7620, val/triplet_acc 0.7850, time 9.99s
2024-05-01 22:06:44,605 - INFO - iter 5100, loss 0.9475, sim_pos -1.1706, sim_neg -1.2756, sim_diff 0.1049, time 8.48s
2024-05-01 22:06:53,257 - INFO - iter 5200, loss 0.6686, sim_pos -0.8202, sim_neg -1.5465, sim_diff 0.7262, time 8.65s
2024-05-01 22:07:01,687 - INFO - iter 5300, loss 0.8408, sim_pos -1.1550, sim_neg -1.7854, sim_diff 0.6304, time 8.43s
2024-05-01 22:07:10,297 - INFO - iter 5400, loss 0.8015, sim_pos -0.8275, sim_neg -1.2656, sim_diff 0.4381, time 8.61s
2024-05-01 22:07:18,773 - INFO - iter 5500, loss 0.7728, sim_pos -1.0033, sim_neg -1.6033, sim_diff 0.6000, time 8.48s
2024-05-01 22:07:27,510 - INFO - iter 5600, loss 0.6501, sim_pos -0.7622, sim_neg -1.7243, sim_diff 0.9621, time 8.74s
2024-05-01 22:07:35,948 - INFO - iter 5700, loss 0.7424, sim_pos -0.7316, sim_neg -1.3337, sim_diff 0.6021, time 8.44s
2024-05-01 22:07:44,355 - INFO - iter 5800, loss 0.5064, sim_pos -0.7494, sim_neg -1.9436, sim_diff 1.1942, time 8.41s
2024-05-01 22:07:52,776 - INFO - iter 5900, loss 0.7781, sim_pos -0.9324, sim_neg -1.4875, sim_diff 0.5551, time 8.42s
2024-05-01 22:08:02,803 - INFO - iter 6000, loss 0.7771, sim_pos -1.0389, sim_neg -1.5915, sim_diff 0.5526, val/pair_auc 0.7758, val/triplet_acc 0.7920, time 10.03s
2024-05-01 22:08:11,294 - INFO - iter 6100, loss 0.7945, sim_pos -0.9306, sim_neg -1.3416, sim_diff 0.4110, time 8.49s
2024-05-01 22:08:19,695 - INFO - iter 6200, loss 0.5818, sim_pos -0.7598, sim_neg -2.1209, sim_diff 1.3611, time 8.40s
2024-05-01 22:08:28,168 - INFO - iter 6300, loss 0.6515, sim_pos -0.7272, sim_neg -1.9743, sim_diff 1.2470, time 8.47s
2024-05-01 22:08:36,493 - INFO - iter 6400, loss 0.8372, sim_pos -1.0506, sim_neg -1.5327, sim_diff 0.4821, time 8.33s
2024-05-01 22:08:44,907 - INFO - iter 6500, loss 0.5981, sim_pos -0.6804, sim_neg -1.7690, sim_diff 1.0886, time 8.41s
2024-05-01 22:08:53,309 - INFO - iter 6600, loss 0.7212, sim_pos -0.8438, sim_neg -1.5792, sim_diff 0.7354, time 8.40s
2024-05-01 22:09:01,708 - INFO - iter 6700, loss 0.5863, sim_pos -0.7640, sim_neg -1.6361, sim_diff 0.8720, time 8.40s
2024-05-01 22:09:10,165 - INFO - iter 6800, loss 0.8822, sim_pos -0.9267, sim_neg -1.3582, sim_diff 0.4315, time 8.46s
2024-05-01 22:09:18,616 - INFO - iter 6900, loss 0.7151, sim_pos -0.7639, sim_neg -1.4801, sim_diff 0.7162, time 8.45s
2024-05-01 22:09:28,540 - INFO - iter 7000, loss 0.8539, sim_pos -0.8398, sim_neg -1.2449, sim_diff 0.4051, val/pair_auc 0.7698, val/triplet_acc 0.7930, time 9.92s
2024-05-01 22:09:36,868 - INFO - iter 7100, loss 0.8028, sim_pos -0.9930, sim_neg -1.7617, sim_diff 0.7688, time 8.33s
2024-05-01 22:09:45,299 - INFO - iter 7200, loss 0.6036, sim_pos -0.5952, sim_neg -1.4649, sim_diff 0.8697, time 8.43s
2024-05-01 22:09:53,592 - INFO - iter 7300, loss 0.8375, sim_pos -0.8719, sim_neg -1.3642, sim_diff 0.4923, time 8.29s
2024-05-01 22:10:02,037 - INFO - iter 7400, loss 0.5169, sim_pos -0.5837, sim_neg -1.6014, sim_diff 1.0176, time 8.44s
2024-05-01 22:10:10,371 - INFO - iter 7500, loss 0.7407, sim_pos -0.7293, sim_neg -1.3062, sim_diff 0.5769, time 8.33s
2024-05-01 22:10:18,716 - INFO - iter 7600, loss 0.7856, sim_pos -0.8682, sim_neg -1.3032, sim_diff 0.4350, time 8.34s
2024-05-01 22:10:27,131 - INFO - iter 7700, loss 0.7758, sim_pos -1.0506, sim_neg -1.6858, sim_diff 0.6352, time 8.41s
2024-05-01 22:10:35,673 - INFO - iter 7800, loss 0.8508, sim_pos -0.8438, sim_neg -1.2337, sim_diff 0.3899, time 8.54s
